{"D:\\UtkarshDocs\\namasteReact\\lec-13\\src\\components\\Contact.js": {"path":"D:\\UtkarshDocs\\namasteReact\\lec-13\\src\\components\\Contact.js","statementMap":{"0":{"start":{"line":1,"column":16},"end":{"line":12,"column":1}},"1":{"start":{"line":2,"column":2},"end":{"line":11,"column":3}}},"fnMap":{"0":{"name":"(anonymous_0)","decl":{"start":{"line":1,"column":16},"end":{"line":1,"column":17}},"loc":{"start":{"line":1,"column":22},"end":{"line":12,"column":1}},"line":1}},"branchMap":{},"s":{"0":1,"1":4},"f":{"0":4},"b":{},"_coverageSchema":"1a1c01bbd47fc00a2c39e90264f33305004495a9","hash":"10c8ee9b621ac87c20ccc5347f9e47f2e1955f79"}
,"D:\\UtkarshDocs\\namasteReact\\lec-13\\src\\components\\Header.js": {"path":"D:\\UtkarshDocs\\namasteReact\\lec-13\\src\\components\\Header.js","statementMap":{"0":{"start":{"line":8,"column":15},"end":{"line":45,"column":1}},"1":{"start":{"line":9,"column":34},"end":{"line":9,"column":51}},"2":{"start":{"line":10,"column":25},"end":{"line":10,"column":42}},"3":{"start":{"line":12,"column":29},"end":{"line":12,"column":52}},"4":{"start":{"line":15,"column":22},"end":{"line":15,"column":62}},"5":{"start":{"line":15,"column":45},"end":{"line":15,"column":61}},"6":{"start":{"line":18,"column":4},"end":{"line":44,"column":5}},"7":{"start":{"line":34,"column":28},"end":{"line":34,"column":93}}},"fnMap":{"0":{"name":"(anonymous_0)","decl":{"start":{"line":8,"column":15},"end":{"line":8,"column":16}},"loc":{"start":{"line":8,"column":21},"end":{"line":45,"column":1}},"line":8},"1":{"name":"(anonymous_1)","decl":{"start":{"line":15,"column":34},"end":{"line":15,"column":35}},"loc":{"start":{"line":15,"column":45},"end":{"line":15,"column":61}},"line":15},"2":{"name":"(anonymous_2)","decl":{"start":{"line":33,"column":33},"end":{"line":33,"column":34}},"loc":{"start":{"line":33,"column":39},"end":{"line":35,"column":25}},"line":33}},"branchMap":{"0":{"loc":{"start":{"line":25,"column":57},"end":{"line":25,"column":82}},"type":"cond-expr","locations":[{"start":{"line":25,"column":72},"end":{"line":25,"column":76}},{"start":{"line":25,"column":78},"end":{"line":25,"column":82}}],"line":25},"1":{"loc":{"start":{"line":34,"column":28},"end":{"line":34,"column":92}},"type":"cond-expr","locations":[{"start":{"line":34,"column":50},"end":{"line":34,"column":70}},{"start":{"line":34,"column":73},"end":{"line":34,"column":92}}],"line":34}},"s":{"0":1,"1":4,"2":4,"3":4,"4":4,"5":7,"6":4,"7":1},"f":{"0":4,"1":7,"2":1},"b":{"0":[4,0],"1":[1,0]},"_coverageSchema":"1a1c01bbd47fc00a2c39e90264f33305004495a9","hash":"552b4b45ed2b047ae74dc4268025a56b87f962b9"}
,"D:\\UtkarshDocs\\namasteReact\\lec-13\\src\\components\\RestaurantCard.js": {"path":"D:\\UtkarshDocs\\namasteReact\\lec-13\\src\\components\\RestaurantCard.js","statementMap":{"0":{"start":{"line":3,"column":23},"end":{"line":27,"column":1}},"1":{"start":{"line":4,"column":22},"end":{"line":4,"column":27}},"2":{"start":{"line":11,"column":8},"end":{"line":11,"column":20}},"3":{"start":{"line":13,"column":27},"end":{"line":13,"column":43}},"4":{"start":{"line":15,"column":4},"end":{"line":26,"column":5}},"5":{"start":{"line":32,"column":29},"end":{"line":41,"column":1}},"6":{"start":{"line":33,"column":4},"end":{"line":40,"column":5}},"7":{"start":{"line":34,"column":8},"end":{"line":39,"column":9}}},"fnMap":{"0":{"name":"(anonymous_0)","decl":{"start":{"line":3,"column":23},"end":{"line":3,"column":24}},"loc":{"start":{"line":3,"column":34},"end":{"line":27,"column":1}},"line":3},"1":{"name":"(anonymous_1)","decl":{"start":{"line":32,"column":29},"end":{"line":32,"column":30}},"loc":{"start":{"line":32,"column":49},"end":{"line":41,"column":1}},"line":32},"2":{"name":"(anonymous_2)","decl":{"start":{"line":33,"column":10},"end":{"line":33,"column":11}},"loc":{"start":{"line":33,"column":21},"end":{"line":40,"column":5}},"line":33}},"branchMap":{},"s":{"0":1,"1":1,"2":1,"3":1,"4":1,"5":1,"6":0,"7":0},"f":{"0":1,"1":0,"2":0},"b":{},"_coverageSchema":"1a1c01bbd47fc00a2c39e90264f33305004495a9","hash":"742a168ac92df32fd62c1d2274cc47a448e594cc"}
,"D:\\UtkarshDocs\\namasteReact\\lec-13\\src\\components\\sum.js": {"path":"D:\\UtkarshDocs\\namasteReact\\lec-13\\src\\components\\sum.js","statementMap":{"0":{"start":{"line":1,"column":19},"end":{"line":3,"column":1}},"1":{"start":{"line":2,"column":4},"end":{"line":2,"column":15}}},"fnMap":{"0":{"name":"(anonymous_0)","decl":{"start":{"line":1,"column":19},"end":{"line":1,"column":20}},"loc":{"start":{"line":1,"column":28},"end":{"line":3,"column":1}},"line":1}},"branchMap":{},"s":{"0":1,"1":1},"f":{"0":1},"b":{},"_coverageSchema":"1a1c01bbd47fc00a2c39e90264f33305004495a9","hash":"e3c53eb1c5ff584067c3fe7cca7d90dfd2c60d36"}
,"D:\\UtkarshDocs\\namasteReact\\lec-13\\src\\utils\\UserContext.js": {"path":"D:\\UtkarshDocs\\namasteReact\\lec-13\\src\\utils\\UserContext.js","statementMap":{"0":{"start":{"line":3,"column":20},"end":{"line":5,"column":2}}},"fnMap":{},"branchMap":{},"s":{"0":1},"f":{},"b":{},"_coverageSchema":"1a1c01bbd47fc00a2c39e90264f33305004495a9","hash":"9a5186a23d108e71c839e21b9ad830f4abb4a571"}
,"D:\\UtkarshDocs\\namasteReact\\lec-13\\src\\utils\\appStore.js": {"path":"D:\\UtkarshDocs\\namasteReact\\lec-13\\src\\utils\\appStore.js","statementMap":{"0":{"start":{"line":4,"column":17},"end":{"line":8,"column":2}}},"fnMap":{},"branchMap":{},"s":{"0":1},"f":{},"b":{},"_coverageSchema":"1a1c01bbd47fc00a2c39e90264f33305004495a9","hash":"0b8c62da137b4272eff98fd6cf956b62af07cd09"}
,"D:\\UtkarshDocs\\namasteReact\\lec-13\\src\\utils\\cartSlice.js": {"path":"D:\\UtkarshDocs\\namasteReact\\lec-13\\src\\utils\\cartSlice.js","statementMap":{"0":{"start":{"line":3,"column":18},"end":{"line":19,"column":2}},"1":{"start":{"line":10,"column":12},"end":{"line":10,"column":45}},"2":{"start":{"line":13,"column":12},"end":{"line":13,"column":30}},"3":{"start":{"line":16,"column":12},"end":{"line":16,"column":35}},"4":{"start":{"line":21,"column":50},"end":{"line":21,"column":67}}},"fnMap":{"0":{"name":"(anonymous_0)","decl":{"start":{"line":9,"column":17},"end":{"line":9,"column":18}},"loc":{"start":{"line":9,"column":36},"end":{"line":11,"column":9}},"line":9},"1":{"name":"(anonymous_1)","decl":{"start":{"line":12,"column":20},"end":{"line":12,"column":21}},"loc":{"start":{"line":12,"column":39},"end":{"line":14,"column":9}},"line":12},"2":{"name":"(anonymous_2)","decl":{"start":{"line":15,"column":19},"end":{"line":15,"column":20}},"loc":{"start":{"line":15,"column":38},"end":{"line":17,"column":9}},"line":15}},"branchMap":{},"s":{"0":1,"1":0,"2":0,"3":0,"4":1},"f":{"0":0,"1":0,"2":0},"b":{},"_coverageSchema":"1a1c01bbd47fc00a2c39e90264f33305004495a9","hash":"c8c55ab04d3eda19ccf0098b542c3ea48a13799e"}
,"D:\\UtkarshDocs\\namasteReact\\lec-13\\src\\utils\\constants.js": {"path":"D:\\UtkarshDocs\\namasteReact\\lec-13\\src\\utils\\constants.js","statementMap":{"0":{"start":{"line":1,"column":27},"end":{"line":1,"column":110}},"1":{"start":{"line":2,"column":24},"end":{"line":2,"column":118}},"2":{"start":{"line":4,"column":28},"end":{"line":4,"column":147}}},"fnMap":{},"branchMap":{},"s":{"0":2,"1":2,"2":2},"f":{},"b":{},"_coverageSchema":"1a1c01bbd47fc00a2c39e90264f33305004495a9","hash":"7964d4cb6ce3cc779fa5c596d21342b166c147d8"}
,"D:\\UtkarshDocs\\namasteReact\\lec-13\\src\\utils\\useOnlineStatus.js": {"path":"D:\\UtkarshDocs\\namasteReact\\lec-13\\src\\utils\\useOnlineStatus.js","statementMap":{"0":{"start":{"line":3,"column":24},"end":{"line":19,"column":1}},"1":{"start":{"line":5,"column":44},"end":{"line":5,"column":58}},"2":{"start":{"line":8,"column":4},"end":{"line":16,"column":11}},"3":{"start":{"line":9,"column":8},"end":{"line":11,"column":10}},"4":{"start":{"line":10,"column":12},"end":{"line":10,"column":35}},"5":{"start":{"line":13,"column":8},"end":{"line":15,"column":10}},"6":{"start":{"line":14,"column":12},"end":{"line":14,"column":34}},"7":{"start":{"line":18,"column":4},"end":{"line":18,"column":24}}},"fnMap":{"0":{"name":"(anonymous_0)","decl":{"start":{"line":3,"column":24},"end":{"line":3,"column":25}},"loc":{"start":{"line":3,"column":30},"end":{"line":19,"column":1}},"line":3},"1":{"name":"(anonymous_1)","decl":{"start":{"line":8,"column":14},"end":{"line":8,"column":15}},"loc":{"start":{"line":8,"column":20},"end":{"line":16,"column":5}},"line":8},"2":{"name":"(anonymous_2)","decl":{"start":{"line":9,"column":43},"end":{"line":9,"column":44}},"loc":{"start":{"line":9,"column":49},"end":{"line":11,"column":9}},"line":9},"3":{"name":"(anonymous_3)","decl":{"start":{"line":13,"column":42},"end":{"line":13,"column":43}},"loc":{"start":{"line":13,"column":48},"end":{"line":15,"column":9}},"line":13}},"branchMap":{},"s":{"0":1,"1":4,"2":4,"3":3,"4":0,"5":3,"6":0,"7":4},"f":{"0":4,"1":3,"2":0,"3":0},"b":{},"_coverageSchema":"1a1c01bbd47fc00a2c39e90264f33305004495a9","hash":"ef0444c1a95214ebdce89e4e35b97c4a8f37dc57"}
}
