TN:
SF:src\components\Body.js
FN:8,(anonymous_0)
FN:19,(anonymous_1)
FN:23,(anonymous_2)
FN:55,(anonymous_3)
FN:61,(anonymous_4)
FN:63,(anonymous_5)
FN:75,(anonymous_6)
FN:77,(anonymous_7)
FN:90,(anonymous_8)
FN:96,(anonymous_9)
FNF:10
FNH:7
FNDA:4,(anonymous_0)
FNDA:1,(anonymous_1)
FNDA:1,(anonymous_2)
FNDA:1,(anonymous_3)
FNDA:1,(anonymous_4)
FNDA:8,(anonymous_5)
FNDA:0,(anonymous_6)
FNDA:0,(anonymous_7)
FNDA:0,(anonymous_8)
FNDA:17,(anonymous_9)
DA:8,1
DA:10,4
DA:11,4
DA:12,4
DA:14,4
DA:17,4
DA:19,4
DA:20,1
DA:23,4
DA:24,1
DA:28,1
DA:29,1
DA:30,1
DA:34,4
DA:35,4
DA:36,0
DA:45,4
DA:56,1
DA:62,1
DA:64,8
DA:65,8
DA:68,1
DA:76,0
DA:77,0
DA:79,0
DA:90,0
DA:97,17
LF:27
LH:22
BRDA:35,0,0,0
BRDA:35,0,1,4
BRDA:45,1,0,1
BRDA:45,1,1,3
BRDA:101,2,0,17
BRDA:101,2,1,0
BRF:6
BRH:4
end_of_record
TN:
SF:src\components\Cart.js
FN:5,(anonymous_0)
FN:7,(anonymous_1)
FN:10,(anonymous_2)
FNF:3
FNH:3
FNDA:5,(anonymous_0)
FNDA:10,(anonymous_1)
FNDA:1,(anonymous_2)
DA:5,1
DA:7,10
DA:9,5
DA:10,5
DA:11,1
DA:14,5
LF:6
LH:6
BRDA:22,0,0,5
BRDA:22,0,1,2
BRF:2
BRH:2
end_of_record
TN:
SF:src\components\Header.js
FN:8,(anonymous_0)
FN:15,(anonymous_1)
FN:33,(anonymous_2)
FNF:3
FNH:2
FNDA:5,(anonymous_0)
FNDA:10,(anonymous_1)
FNDA:0,(anonymous_2)
DA:8,1
DA:9,5
DA:10,5
DA:12,5
DA:15,10
DA:18,5
DA:34,0
LF:7
LH:6
BRDA:25,0,0,5
BRDA:25,0,1,0
BRDA:34,1,0,0
BRDA:34,1,1,0
BRF:4
BRH:1
end_of_record
TN:
SF:src\components\ItemList.js
FN:5,(anonymous_0)
FN:10,(anonymous_1)
FN:18,(anonymous_2)
FN:38,(anonymous_3)
FNF:4
FNH:4
FNDA:6,(anonymous_0)
FNDA:3,(anonymous_1)
FNDA:26,(anonymous_2)
FNDA:3,(anonymous_3)
DA:5,1
DA:8,6
DA:10,6
DA:12,3
DA:15,6
DA:19,26
DA:38,3
LF:7
LH:7
BRDA:28,0,0,16
BRDA:28,0,1,10
BRF:2
BRH:2
end_of_record
TN:
SF:src\components\RestaurantCard.js
FN:3,(anonymous_0)
FN:32,(anonymous_1)
FN:33,(anonymous_2)
FNF:3
FNH:3
FNDA:18,(anonymous_0)
FNDA:4,(anonymous_1)
FNDA:17,(anonymous_2)
DA:3,2
DA:4,18
DA:11,18
DA:13,18
DA:15,18
DA:32,2
DA:33,4
DA:34,17
LF:8
LH:8
BRF:0
BRH:0
end_of_record
TN:
SF:src\components\RestaurantMenu.js
FN:8,(anonymous_0)
FN:33,(anonymous_1)
FN:48,(anonymous_2)
FN:55,(anonymous_3)
FNF:4
FNH:4
FNDA:3,(anonymous_0)
FNDA:26,(anonymous_1)
FNDA:8,(anonymous_2)
FNDA:1,(anonymous_3)
DA:8,1
DA:10,3
DA:13,3
DA:15,3
DA:17,3
DA:18,1
DA:25,2
DA:27,2
DA:28,2
DA:32,2
DA:34,26
DA:41,2
DA:51,8
DA:55,1
LF:14
LH:14
BRDA:17,0,0,1
BRDA:17,0,1,2
BRDA:17,1,0,3
BRDA:17,1,1,2
BRDA:28,2,0,2
BRDA:28,2,1,2
BRDA:28,2,2,0
BRDA:54,3,0,2
BRDA:54,3,1,6
BRF:9
BRH:8
end_of_record
TN:
SF:src\utils\appStore.js
FNF:0
FNH:0
DA:4,1
LF:1
LH:1
BRF:0
BRH:0
end_of_record
